<?xml version="1.0" encoding="UTF-8"?>
<!-- Generated by org.testng.reporters.JUnitReportReporter -->
<testsuite hostname="DESKTOP-81QQKDK" failures="0" tests="1" name="Testng.TestAnnotations" time="0.020" errors="0" timestamp="2023-09-05T15:15:55 IST" skipped="0">
  <testcase classname="Testng.TestAnnotations" name="t1" time="0.020"/>
  <system-out>
    <![CDATA[--boss i am main tc]]>
  </system-out>
</testsuite> <!-- Testng.TestAnnotations -->
