<?xml version="1.0" encoding="UTF-8"?>
<!-- Generated by org.testng.reporters.JUnitReportReporter -->
<testsuite hostname="DESKTOP-81QQKDK" failures="0" tests="3" name="Testng.Grouptestng" time="0.027" errors="0" timestamp="2023-09-06T12:14:09 IST" skipped="0">
  <testcase classname="Testng.Grouptestng" name="m1" time="0.023"/>
  <system-out>
    <![CDATA[i belong to group A]]>
  </system-out>
  <testcase classname="Testng.Grouptestng" name="m3" time="0.002"/>
  <system-out>
    <![CDATA[i belong to group B]]>
  </system-out>
  <testcase classname="Testng.Grouptestng" name="m2" time="0.002"/>
  <system-out>
    <![CDATA[i belong to group A and group B]]>
  </system-out>
</testsuite> <!-- Testng.Grouptestng -->
