<?xml version="1.0" encoding="UTF-8"?>
<!-- Generated by org.testng.reporters.JUnitReportReporter -->
<testsuite hostname="DESKTOP-81QQKDK" failures="0" tests="3" name="Testng.Enabledcases" time="0.024" errors="0" timestamp="2023-09-01T18:47:50 IST" skipped="2">
  <testcase classname="Testng.Enabledcases" name="truth" time="0.024"/>
  <system-out>
    <![CDATA[its truth]]>
  </system-out>
  <testcase classname="Testng.Enabledcases" name="testing">
    <skipped/>
  </testcase> <!-- testing -->
  <system-out/>
  <testcase classname="Testng.Enabledcases" name="sir">
    <skipped/>
  </testcase> <!-- sir -->
  <system-out/>
</testsuite> <!-- Testng.Enabledcases -->
