<?xml version="1.0" encoding="UTF-8"?>
<!-- Generated by org.testng.reporters.JUnitReportReporter -->
<testsuite hostname="DESKTOP-81QQKDK" failures="0" tests="3" name="Testng.BatchExecution" time="0.034" errors="0" timestamp="2023-09-06T11:53:57 IST" skipped="0">
  <testcase classname="Testng.BatchExecution" name="m1" time="0.026"/>
  <system-out>
    <![CDATA[running tc1]]>
  </system-out>
  <testcase classname="Testng.BatchExecution" name="m2" time="0.004"/>
  <system-out>
    <![CDATA[running tc2]]>
  </system-out>
  <testcase classname="Testng.BatchExecution" name="m3" time="0.004"/>
  <system-out>
    <![CDATA[running tc3]]>
  </system-out>
</testsuite> <!-- Testng.BatchExecution -->
