<?xml version="1.0" encoding="UTF-8"?>
<!-- Generated by org.testng.reporters.JUnitReportReporter -->
<testsuite hostname="DESKTOP-81QQKDK" failures="0" tests="3" name="Testng.Priority" time="0.023" errors="0" timestamp="2023-09-01T18:43:14 IST" skipped="0">
  <testcase classname="Testng.Priority" name="hloo" time="0.019"/>
  <system-out>
    <![CDATA[you are the best faculty us]]>
  </system-out>
  <testcase classname="Testng.Priority" name="yes" time="0.002"/>
  <system-out>
    <![CDATA[your classes are really interesting]]>
  </system-out>
  <testcase classname="Testng.Priority" name="hiii" time="0.002"/>
  <system-out>
    <![CDATA[Hii ankush sir]]>
  </system-out>
</testsuite> <!-- Testng.Priority -->
