<?xml version="1.0" encoding="UTF-8"?>
<!-- Generated by org.testng.reporters.JUnitReportReporter -->
<testsuite hostname="DESKTOP-81QQKDK" failures="0" tests="1" name="Testng.Secondproject" time="0.023" errors="0" timestamp="2023-08-30T15:23:55 IST" skipped="0">
  <testcase classname="Testng.Secondproject" name="verifymethod" time="0.023"/>
  <system-out>
    <![CDATA[running verify user id]]>
  </system-out>
</testsuite> <!-- Testng.Secondproject -->
