<?xml version="1.0" encoding="UTF-8"?>
<!-- Generated by org.testng.reporters.JUnitReportReporter -->
<testsuite hostname="DESKTOP-81QQKDK" failures="0" tests="4" name="Testng.Thirdprogram" time="0.056" errors="0" timestamp="2023-08-30T22:30:25 IST" skipped="0">
  <testcase classname="Testng.Thirdprogram" name="logo" time="0.006"/>
  <system-out>
    <![CDATA[who r u]]>
  </system-out>
  <testcase classname="Testng.Thirdprogram" name="method1" time="0.004"/>
  <system-out>
    <![CDATA[hiiii man]]>
  </system-out>
  <testcase classname="Testng.Thirdprogram" name="logout" time="0.004"/>
  <system-out>
    <![CDATA[im fine]]>
  </system-out>
  <testcase classname="Testng.Thirdprogram" name="login" time="0.042"/>
  <system-out>
    <![CDATA[how are you sir]]>
  </system-out>
</testsuite> <!-- Testng.Thirdprogram -->
