<?xml version="1.0" encoding="UTF-8"?>
<!-- Generated by org.testng.reporters.JUnitReportReporter -->
<testsuite hostname="DESKTOP-81QQKDK" failures="0" tests="3" name="Testng.frstprog" time="0.022" errors="0" timestamp="2023-08-30T15:31:21 IST" skipped="0">
  <testcase classname="Testng.frstprog" name="m1" time="0.019"/>
  <system-out>
    <![CDATA[hiii]]>
  </system-out>
  <testcase classname="Testng.frstprog" name="m3" time="0.002"/>
  <system-out>
    <![CDATA[how are you sir]]>
  </system-out>
  <testcase classname="Testng.frstprog" name="m2" time="0.001"/>
  <system-out>
    <![CDATA[hloo]]>
  </system-out>
</testsuite> <!-- Testng.frstprog -->
