<?xml version="1.0" encoding="UTF-8"?>
<!-- Generated by org.testng.reporters.JUnitReportReporter -->
<testsuite hostname="DESKTOP-81QQKDK" failures="0" tests="3" name="Testng.BatchExecution3" time="0.024" errors="0" timestamp="2023-09-06T11:53:57 IST" skipped="0">
  <testcase classname="Testng.BatchExecution3" name="m7" time="0.004"/>
  <system-out>
    <![CDATA[running tc7]]>
  </system-out>
  <testcase classname="Testng.BatchExecution3" name="m8" time="0.004"/>
  <system-out>
    <![CDATA[running tc8]]>
  </system-out>
  <testcase classname="Testng.BatchExecution3" name="m9" time="0.016"/>
  <system-out>
    <![CDATA[running tc9]]>
  </system-out>
</testsuite> <!-- Testng.BatchExecution3 -->
