<?xml version="1.0" encoding="UTF-8"?>
<!-- Generated by org.testng.reporters.JUnitReportReporter -->
<testsuite hostname="DESKTOP-81QQKDK" failures="0" tests="5" name="Testng.Invocationcount" time="0.039" errors="0" timestamp="2023-09-04T12:11:56 IST" skipped="0">
  <testcase classname="Testng.Invocationcount" name="tc1" time="0.021"/>
  <system-out>
    <![CDATA[execute tc1]]>
  </system-out>
  <testcase classname="Testng.Invocationcount" name="tc3" time="0.004"/>
  <system-out>
    <![CDATA[executing tc3]]>
  </system-out>
  <testcase classname="Testng.Invocationcount" name="tc2" time="0.006"/>
  <system-out>
    <![CDATA[execute tc2]]>
  </system-out>
  <testcase classname="Testng.Invocationcount" name="tc3" time="0.004"/>
  <system-out>
    <![CDATA[executing tc3]]>
  </system-out>
  <testcase classname="Testng.Invocationcount" name="tc3" time="0.004"/>
  <system-out>
    <![CDATA[executing tc3]]>
  </system-out>
</testsuite> <!-- Testng.Invocationcount -->
