<?xml version="1.0" encoding="UTF-8"?>
<!-- Generated by org.testng.reporters.JUnitReportReporter -->
<testsuite hostname="DESKTOP-81QQKDK" failures="0" tests="3" name="Testng.BatchExecution2" time="0.008" errors="0" timestamp="2023-09-06T11:53:57 IST" skipped="0">
  <testcase classname="Testng.BatchExecution2" name="m6" time="0.002"/>
  <system-out>
    <![CDATA[running tc6]]>
  </system-out>
  <testcase classname="Testng.BatchExecution2" name="m5" time="0.003"/>
  <system-out>
    <![CDATA[running tc5]]>
  </system-out>
  <testcase classname="Testng.BatchExecution2" name="m4" time="0.003"/>
  <system-out>
    <![CDATA[running tc4]]>
  </system-out>
</testsuite> <!-- Testng.BatchExecution2 -->
